<?xml version="1.0" encoding="UTF-8"?>
<testsuite xmlns:xsi="http://www.w3.org/2001/XMLSchema-instance" xsi:noNamespaceSchemaLocation="https://maven.apache.org/surefire/maven-surefire-plugin/xsd/surefire-test-report.xsd" name="nl.hu.vkbep.lingo.word.application.WordServiceTest" time="0.041" tests="23" errors="0" skipped="0" failures="0">
  <properties>
    <property name="java.specification.version" value="13"/>
    <property name="sun.cpu.isalist" value="amd64"/>
    <property name="sun.jnu.encoding" value="Cp1252"/>
    <property name="java.class.path" value="C:\Users\Soerano\Documents\GitHub\Back-End_Programming\lingo\target\test-classes;C:\Users\Soerano\Documents\GitHub\Back-End_Programming\lingo\target\classes;C:\Users\Soerano\.m2\repository\org\springframework\boot\spring-boot-autoconfigure\2.4.0\spring-boot-autoconfigure-2.4.0.jar;C:\Users\Soerano\.m2\repository\org\springframework\boot\spring-boot\2.4.0\spring-boot-2.4.0.jar;C:\Users\Soerano\.m2\repository\org\springframework\spring-context\5.3.1\spring-context-5.3.1.jar;C:\Users\Soerano\.m2\repository\org\springframework\boot\spring-boot-starter-amqp\2.4.0\spring-boot-starter-amqp-2.4.0.jar;C:\Users\Soerano\.m2\repository\org\springframework\boot\spring-boot-starter\2.4.0\spring-boot-starter-2.4.0.jar;C:\Users\Soerano\.m2\repository\org\springframework\boot\spring-boot-starter-logging\2.4.0\spring-boot-starter-logging-2.4.0.jar;C:\Users\Soerano\.m2\repository\ch\qos\logback\logback-classic\1.2.3\logback-classic-1.2.3.jar;C:\Users\Soerano\.m2\repository\ch\qos\logback\logback-core\1.2.3\logback-core-1.2.3.jar;C:\Users\Soerano\.m2\repository\org\apache\logging\log4j\log4j-to-slf4j\2.13.3\log4j-to-slf4j-2.13.3.jar;C:\Users\Soerano\.m2\repository\org\apache\logging\log4j\log4j-api\2.13.3\log4j-api-2.13.3.jar;C:\Users\Soerano\.m2\repository\org\slf4j\jul-to-slf4j\1.7.30\jul-to-slf4j-1.7.30.jar;C:\Users\Soerano\.m2\repository\jakarta\annotation\jakarta.annotation-api\1.3.5\jakarta.annotation-api-1.3.5.jar;C:\Users\Soerano\.m2\repository\org\yaml\snakeyaml\1.27\snakeyaml-1.27.jar;C:\Users\Soerano\.m2\repository\org\springframework\spring-messaging\5.3.1\spring-messaging-5.3.1.jar;C:\Users\Soerano\.m2\repository\org\springframework\spring-beans\5.3.1\spring-beans-5.3.1.jar;C:\Users\Soerano\.m2\repository\org\springframework\amqp\spring-rabbit\2.3.1\spring-rabbit-2.3.1.jar;C:\Users\Soerano\.m2\repository\org\springframework\amqp\spring-amqp\2.3.1\spring-amqp-2.3.1.jar;C:\Users\Soerano\.m2\repository\org\springframework\retry\spring-retry\1.3.0\spring-retry-1.3.0.jar;C:\Users\Soerano\.m2\repository\javax\annotation\javax.annotation-api\1.3.2\javax.annotation-api-1.3.2.jar;C:\Users\Soerano\.m2\repository\com\rabbitmq\amqp-client\5.10.0\amqp-client-5.10.0.jar;C:\Users\Soerano\.m2\repository\org\springframework\spring-tx\5.3.1\spring-tx-5.3.1.jar;C:\Users\Soerano\.m2\repository\org\springframework\boot\spring-boot-starter-data-jpa\2.4.0\spring-boot-starter-data-jpa-2.4.0.jar;C:\Users\Soerano\.m2\repository\org\springframework\boot\spring-boot-starter-aop\2.4.0\spring-boot-starter-aop-2.4.0.jar;C:\Users\Soerano\.m2\repository\org\springframework\spring-aop\5.3.1\spring-aop-5.3.1.jar;C:\Users\Soerano\.m2\repository\org\aspectj\aspectjweaver\1.9.6\aspectjweaver-1.9.6.jar;C:\Users\Soerano\.m2\repository\org\springframework\boot\spring-boot-starter-jdbc\2.4.0\spring-boot-starter-jdbc-2.4.0.jar;C:\Users\Soerano\.m2\repository\com\zaxxer\HikariCP\3.4.5\HikariCP-3.4.5.jar;C:\Users\Soerano\.m2\repository\org\springframework\spring-jdbc\5.3.1\spring-jdbc-5.3.1.jar;C:\Users\Soerano\.m2\repository\jakarta\transaction\jakarta.transaction-api\1.3.3\jakarta.transaction-api-1.3.3.jar;C:\Users\Soerano\.m2\repository\jakarta\persistence\jakarta.persistence-api\2.2.3\jakarta.persistence-api-2.2.3.jar;C:\Users\Soerano\.m2\repository\org\hibernate\hibernate-core\5.4.23.Final\hibernate-core-5.4.23.Final.jar;C:\Users\Soerano\.m2\repository\org\jboss\logging\jboss-logging\3.4.1.Final\jboss-logging-3.4.1.Final.jar;C:\Users\Soerano\.m2\repository\org\javassist\javassist\3.24.0-GA\javassist-3.24.0-GA.jar;C:\Users\Soerano\.m2\repository\net\bytebuddy\byte-buddy\1.10.18\byte-buddy-1.10.18.jar;C:\Users\Soerano\.m2\repository\antlr\antlr\2.7.7\antlr-2.7.7.jar;C:\Users\Soerano\.m2\repository\org\jboss\jandex\2.1.3.Final\jandex-2.1.3.Final.jar;C:\Users\Soerano\.m2\repository\com\fasterxml\classmate\1.5.1\classmate-1.5.1.jar;C:\Users\Soerano\.m2\repository\org\dom4j\dom4j\2.1.3\dom4j-2.1.3.jar;C:\Users\Soerano\.m2\repository\org\hibernate\common\hibernate-commons-annotations\5.1.2.Final\hibernate-commons-annotations-5.1.2.Final.jar;C:\Users\Soerano\.m2\repository\org\glassfish\jaxb\jaxb-runtime\2.3.3\jaxb-runtime-2.3.3.jar;C:\Users\Soerano\.m2\repository\org\glassfish\jaxb\txw2\2.3.3\txw2-2.3.3.jar;C:\Users\Soerano\.m2\repository\com\sun\istack\istack-commons-runtime\3.0.11\istack-commons-runtime-3.0.11.jar;C:\Users\Soerano\.m2\repository\com\sun\activation\jakarta.activation\1.2.2\jakarta.activation-1.2.2.jar;C:\Users\Soerano\.m2\repository\org\springframework\data\spring-data-jpa\2.4.1\spring-data-jpa-2.4.1.jar;C:\Users\Soerano\.m2\repository\org\springframework\data\spring-data-commons\2.4.1\spring-data-commons-2.4.1.jar;C:\Users\Soerano\.m2\repository\org\springframework\spring-orm\5.3.1\spring-orm-5.3.1.jar;C:\Users\Soerano\.m2\repository\org\slf4j\slf4j-api\1.7.30\slf4j-api-1.7.30.jar;C:\Users\Soerano\.m2\repository\org\springframework\spring-aspects\5.3.1\spring-aspects-5.3.1.jar;C:\Users\Soerano\.m2\repository\org\springframework\boot\spring-boot-starter-web\2.4.0\spring-boot-starter-web-2.4.0.jar;C:\Users\Soerano\.m2\repository\org\springframework\boot\spring-boot-starter-json\2.4.0\spring-boot-starter-json-2.4.0.jar;C:\Users\Soerano\.m2\repository\com\fasterxml\jackson\core\jackson-databind\2.11.3\jackson-databind-2.11.3.jar;C:\Users\Soerano\.m2\repository\com\fasterxml\jackson\core\jackson-annotations\2.11.3\jackson-annotations-2.11.3.jar;C:\Users\Soerano\.m2\repository\com\fasterxml\jackson\core\jackson-core\2.11.3\jackson-core-2.11.3.jar;C:\Users\Soerano\.m2\repository\com\fasterxml\jackson\datatype\jackson-datatype-jdk8\2.11.3\jackson-datatype-jdk8-2.11.3.jar;C:\Users\Soerano\.m2\repository\com\fasterxml\jackson\datatype\jackson-datatype-jsr310\2.11.3\jackson-datatype-jsr310-2.11.3.jar;C:\Users\Soerano\.m2\repository\com\fasterxml\jackson\module\jackson-module-parameter-names\2.11.3\jackson-module-parameter-names-2.11.3.jar;C:\Users\Soerano\.m2\repository\org\springframework\boot\spring-boot-starter-tomcat\2.4.0\spring-boot-starter-tomcat-2.4.0.jar;C:\Users\Soerano\.m2\repository\org\apache\tomcat\embed\tomcat-embed-core\9.0.39\tomcat-embed-core-9.0.39.jar;C:\Users\Soerano\.m2\repository\org\glassfish\jakarta.el\3.0.3\jakarta.el-3.0.3.jar;C:\Users\Soerano\.m2\repository\org\apache\tomcat\embed\tomcat-embed-websocket\9.0.39\tomcat-embed-websocket-9.0.39.jar;C:\Users\Soerano\.m2\repository\org\springframework\spring-web\5.3.1\spring-web-5.3.1.jar;C:\Users\Soerano\.m2\repository\org\springframework\spring-webmvc\5.3.1\spring-webmvc-5.3.1.jar;C:\Users\Soerano\.m2\repository\org\springframework\spring-expression\5.3.1\spring-expression-5.3.1.jar;C:\Users\Soerano\.m2\repository\org\springframework\boot\spring-boot-starter-test\2.4.0\spring-boot-starter-test-2.4.0.jar;C:\Users\Soerano\.m2\repository\org\springframework\boot\spring-boot-test\2.4.0\spring-boot-test-2.4.0.jar;C:\Users\Soerano\.m2\repository\org\springframework\boot\spring-boot-test-autoconfigure\2.4.0\spring-boot-test-autoconfigure-2.4.0.jar;C:\Users\Soerano\.m2\repository\com\jayway\jsonpath\json-path\2.4.0\json-path-2.4.0.jar;C:\Users\Soerano\.m2\repository\net\minidev\json-smart\2.3\json-smart-2.3.jar;C:\Users\Soerano\.m2\repository\net\minidev\accessors-smart\1.2\accessors-smart-1.2.jar;C:\Users\Soerano\.m2\repository\jakarta\xml\bind\jakarta.xml.bind-api\2.3.3\jakarta.xml.bind-api-2.3.3.jar;C:\Users\Soerano\.m2\repository\jakarta\activation\jakarta.activation-api\1.2.2\jakarta.activation-api-1.2.2.jar;C:\Users\Soerano\.m2\repository\org\assertj\assertj-core\3.18.1\assertj-core-3.18.1.jar;C:\Users\Soerano\.m2\repository\org\hamcrest\hamcrest\2.2\hamcrest-2.2.jar;C:\Users\Soerano\.m2\repository\org\junit\jupiter\junit-jupiter\5.7.0\junit-jupiter-5.7.0.jar;C:\Users\Soerano\.m2\repository\org\junit\jupiter\junit-jupiter-api\5.7.0\junit-jupiter-api-5.7.0.jar;C:\Users\Soerano\.m2\repository\org\apiguardian\apiguardian-api\1.1.0\apiguardian-api-1.1.0.jar;C:\Users\Soerano\.m2\repository\org\opentest4j\opentest4j\1.2.0\opentest4j-1.2.0.jar;C:\Users\Soerano\.m2\repository\org\junit\platform\junit-platform-commons\1.7.0\junit-platform-commons-1.7.0.jar;C:\Users\Soerano\.m2\repository\org\junit\jupiter\junit-jupiter-params\5.7.0\junit-jupiter-params-5.7.0.jar;C:\Users\Soerano\.m2\repository\org\junit\jupiter\junit-jupiter-engine\5.7.0\junit-jupiter-engine-5.7.0.jar;C:\Users\Soerano\.m2\repository\org\junit\platform\junit-platform-engine\1.7.0\junit-platform-engine-1.7.0.jar;C:\Users\Soerano\.m2\repository\org\mockito\mockito-core\3.6.0\mockito-core-3.6.0.jar;C:\Users\Soerano\.m2\repository\net\bytebuddy\byte-buddy-agent\1.10.18\byte-buddy-agent-1.10.18.jar;C:\Users\Soerano\.m2\repository\org\objenesis\objenesis\3.1\objenesis-3.1.jar;C:\Users\Soerano\.m2\repository\org\mockito\mockito-junit-jupiter\3.6.0\mockito-junit-jupiter-3.6.0.jar;C:\Users\Soerano\.m2\repository\org\skyscreamer\jsonassert\1.5.0\jsonassert-1.5.0.jar;C:\Users\Soerano\.m2\repository\com\vaadin\external\google\android-json\0.0.20131108.vaadin1\android-json-0.0.20131108.vaadin1.jar;C:\Users\Soerano\.m2\repository\org\springframework\spring-core\5.3.1\spring-core-5.3.1.jar;C:\Users\Soerano\.m2\repository\org\springframework\spring-jcl\5.3.1\spring-jcl-5.3.1.jar;C:\Users\Soerano\.m2\repository\org\springframework\spring-test\5.3.1\spring-test-5.3.1.jar;C:\Users\Soerano\.m2\repository\org\xmlunit\xmlunit-core\2.7.0\xmlunit-core-2.7.0.jar;C:\Users\Soerano\.m2\repository\org\postgresql\postgresql\42.2.18\postgresql-42.2.18.jar;C:\Users\Soerano\.m2\repository\org\checkerframework\checker-qual\3.5.0\checker-qual-3.5.0.jar;C:\Users\Soerano\.m2\repository\junit\junit\4.13.1\junit-4.13.1.jar;C:\Users\Soerano\.m2\repository\org\hamcrest\hamcrest-core\2.2\hamcrest-core-2.2.jar;C:\Users\Soerano\.m2\repository\org\jetbrains\annotations\19.0.0\annotations-19.0.0.jar;C:\Users\Soerano\.m2\repository\org\jacoco\jacoco-maven-plugin\0.8.6\jacoco-maven-plugin-0.8.6.jar;C:\Users\Soerano\.m2\repository\org\apache\maven\maven-plugin-api\3.0\maven-plugin-api-3.0.jar;C:\Users\Soerano\.m2\repository\org\apache\maven\maven-model\3.0\maven-model-3.0.jar;C:\Users\Soerano\.m2\repository\org\apache\maven\maven-artifact\3.0\maven-artifact-3.0.jar;C:\Users\Soerano\.m2\repository\org\sonatype\sisu\sisu-inject-plexus\1.4.2\sisu-inject-plexus-1.4.2.jar;C:\Users\Soerano\.m2\repository\org\sonatype\sisu\sisu-inject-bean\1.4.2\sisu-inject-bean-1.4.2.jar;C:\Users\Soerano\.m2\repository\org\sonatype\sisu\sisu-guice\2.1.7\sisu-guice-2.1.7-noaop.jar;C:\Users\Soerano\.m2\repository\org\apache\maven\maven-core\3.0\maven-core-3.0.jar;C:\Users\Soerano\.m2\repository\org\apache\maven\maven-settings\3.0\maven-settings-3.0.jar;C:\Users\Soerano\.m2\repository\org\apache\maven\maven-settings-builder\3.0\maven-settings-builder-3.0.jar;C:\Users\Soerano\.m2\repository\org\apache\maven\maven-repository-metadata\3.0\maven-repository-metadata-3.0.jar;C:\Users\Soerano\.m2\repository\org\apache\maven\maven-model-builder\3.0\maven-model-builder-3.0.jar;C:\Users\Soerano\.m2\repository\org\apache\maven\maven-aether-provider\3.0\maven-aether-provider-3.0.jar;C:\Users\Soerano\.m2\repository\org\sonatype\aether\aether-impl\1.7\aether-impl-1.7.jar;C:\Users\Soerano\.m2\repository\org\sonatype\aether\aether-spi\1.7\aether-spi-1.7.jar;C:\Users\Soerano\.m2\repository\org\sonatype\aether\aether-api\1.7\aether-api-1.7.jar;C:\Users\Soerano\.m2\repository\org\sonatype\aether\aether-util\1.7\aether-util-1.7.jar;C:\Users\Soerano\.m2\repository\org\codehaus\plexus\plexus-interpolation\1.14\plexus-interpolation-1.14.jar;C:\Users\Soerano\.m2\repository\org\codehaus\plexus\plexus-classworlds\2.2.3\plexus-classworlds-2.2.3.jar;C:\Users\Soerano\.m2\repository\org\codehaus\plexus\plexus-component-annotations\1.5.5\plexus-component-annotations-1.5.5.jar;C:\Users\Soerano\.m2\repository\org\sonatype\plexus\plexus-sec-dispatcher\1.3\plexus-sec-dispatcher-1.3.jar;C:\Users\Soerano\.m2\repository\org\sonatype\plexus\plexus-cipher\1.4\plexus-cipher-1.4.jar;C:\Users\Soerano\.m2\repository\org\codehaus\plexus\plexus-utils\3.0.22\plexus-utils-3.0.22.jar;C:\Users\Soerano\.m2\repository\org\apache\maven\shared\file-management\1.2.1\file-management-1.2.1.jar;C:\Users\Soerano\.m2\repository\org\apache\maven\shared\maven-shared-io\1.1\maven-shared-io-1.1.jar;C:\Users\Soerano\.m2\repository\org\apache\maven\maven-artifact-manager\2.0.2\maven-artifact-manager-2.0.2.jar;C:\Users\Soerano\.m2\repository\org\apache\maven\wagon\wagon-provider-api\1.0-alpha-6\wagon-provider-api-1.0-alpha-6.jar;C:\Users\Soerano\.m2\repository\org\codehaus\plexus\plexus-container-default\1.0-alpha-9\plexus-container-default-1.0-alpha-9.jar;C:\Users\Soerano\.m2\repository\classworlds\classworlds\1.1-alpha-2\classworlds-1.1-alpha-2.jar;C:\Users\Soerano\.m2\repository\org\apache\maven\reporting\maven-reporting-api\3.0\maven-reporting-api-3.0.jar;C:\Users\Soerano\.m2\repository\org\apache\maven\doxia\doxia-sink-api\1.0\doxia-sink-api-1.0.jar;C:\Users\Soerano\.m2\repository\org\apache\maven\reporting\maven-reporting-impl\2.1\maven-reporting-impl-2.1.jar;C:\Users\Soerano\.m2\repository\org\apache\maven\maven-project\2.0.10\maven-project-2.0.10.jar;C:\Users\Soerano\.m2\repository\org\apache\maven\maven-profile\2.0.10\maven-profile-2.0.10.jar;C:\Users\Soerano\.m2\repository\org\apache\maven\maven-plugin-registry\2.0.10\maven-plugin-registry-2.0.10.jar;C:\Users\Soerano\.m2\repository\org\apache\maven\doxia\doxia-core\1.1.2\doxia-core-1.1.2.jar;C:\Users\Soerano\.m2\repository\org\apache\maven\doxia\doxia-logging-api\1.1.2\doxia-logging-api-1.1.2.jar;C:\Users\Soerano\.m2\repository\xerces\xercesImpl\2.8.1\xercesImpl-2.8.1.jar;C:\Users\Soerano\.m2\repository\commons-lang\commons-lang\2.4\commons-lang-2.4.jar;C:\Users\Soerano\.m2\repository\commons-httpclient\commons-httpclient\3.1\commons-httpclient-3.1.jar;C:\Users\Soerano\.m2\repository\commons-codec\commons-codec\1.15\commons-codec-1.15.jar;C:\Users\Soerano\.m2\repository\org\apache\maven\doxia\doxia-site-renderer\1.1.2\doxia-site-renderer-1.1.2.jar;C:\Users\Soerano\.m2\repository\org\apache\maven\doxia\doxia-decoration-model\1.1.2\doxia-decoration-model-1.1.2.jar;C:\Users\Soerano\.m2\repository\org\apache\maven\doxia\doxia-module-xhtml\1.1.2\doxia-module-xhtml-1.1.2.jar;C:\Users\Soerano\.m2\repository\org\apache\maven\doxia\doxia-module-fml\1.1.2\doxia-module-fml-1.1.2.jar;C:\Users\Soerano\.m2\repository\org\codehaus\plexus\plexus-i18n\1.0-beta-7\plexus-i18n-1.0-beta-7.jar;C:\Users\Soerano\.m2\repository\org\codehaus\plexus\plexus-velocity\1.1.7\plexus-velocity-1.1.7.jar;C:\Users\Soerano\.m2\repository\org\apache\velocity\velocity\1.5\velocity-1.5.jar;C:\Users\Soerano\.m2\repository\commons-collections\commons-collections\3.2\commons-collections-3.2.jar;C:\Users\Soerano\.m2\repository\commons-validator\commons-validator\1.2.0\commons-validator-1.2.0.jar;C:\Users\Soerano\.m2\repository\commons-beanutils\commons-beanutils\1.7.0\commons-beanutils-1.7.0.jar;C:\Users\Soerano\.m2\repository\commons-digester\commons-digester\1.6\commons-digester-1.6.jar;C:\Users\Soerano\.m2\repository\commons-logging\commons-logging\1.0.4\commons-logging-1.0.4.jar;C:\Users\Soerano\.m2\repository\oro\oro\2.0.8\oro-2.0.8.jar;C:\Users\Soerano\.m2\repository\xml-apis\xml-apis\1.0.b2\xml-apis-1.0.b2.jar;C:\Users\Soerano\.m2\repository\org\jacoco\org.jacoco.agent\0.8.6\org.jacoco.agent-0.8.6-runtime.jar;C:\Users\Soerano\.m2\repository\org\jacoco\org.jacoco.core\0.8.6\org.jacoco.core-0.8.6.jar;C:\Users\Soerano\.m2\repository\org\ow2\asm\asm\8.0.1\asm-8.0.1.jar;C:\Users\Soerano\.m2\repository\org\ow2\asm\asm-commons\8.0.1\asm-commons-8.0.1.jar;C:\Users\Soerano\.m2\repository\org\ow2\asm\asm-analysis\8.0.1\asm-analysis-8.0.1.jar;C:\Users\Soerano\.m2\repository\org\ow2\asm\asm-tree\8.0.1\asm-tree-8.0.1.jar;C:\Users\Soerano\.m2\repository\org\jacoco\org.jacoco.report\0.8.6\org.jacoco.report-0.8.6.jar;C:\Users\Soerano\.m2\repository\org\pitest\pitest-junit5-plugin\0.12\pitest-junit5-plugin-0.12.jar;"/>
    <property name="java.vm.vendor" value="Oracle Corporation"/>
    <property name="sun.arch.data.model" value="64"/>
    <property name="user.variant" value=""/>
    <property name="java.vendor.url" value="https://java.oracle.com/"/>
    <property name="user.timezone" value="Europe/Amsterdam"/>
    <property name="user.country.format" value="NL"/>
    <property name="os.name" value="Windows 10"/>
    <property name="java.vm.specification.version" value="13"/>
    <property name="sun.java.launcher" value="SUN_STANDARD"/>
    <property name="user.country" value="US"/>
    <property name="sun.boot.library.path" value="C:\Program Files\Java\jdk-13.0.2\bin"/>
    <property name="sun.java.command" value="C:\Users\Soerano\AppData\Local\Temp\surefire3576004606902508846\surefirebooter16459295976435395658.jar C:\Users\Soerano\AppData\Local\Temp\surefire3576004606902508846 2020-12-16T16-00-10_509-jvmRun1 surefire14389561824809055966tmp surefire_09754513156578015580tmp"/>
    <property name="jdk.debug" value="release"/>
    <property name="surefire.test.class.path" value="C:\Users\Soerano\Documents\GitHub\Back-End_Programming\lingo\target\test-classes;C:\Users\Soerano\Documents\GitHub\Back-End_Programming\lingo\target\classes;C:\Users\Soerano\.m2\repository\org\springframework\boot\spring-boot-autoconfigure\2.4.0\spring-boot-autoconfigure-2.4.0.jar;C:\Users\Soerano\.m2\repository\org\springframework\boot\spring-boot\2.4.0\spring-boot-2.4.0.jar;C:\Users\Soerano\.m2\repository\org\springframework\spring-context\5.3.1\spring-context-5.3.1.jar;C:\Users\Soerano\.m2\repository\org\springframework\boot\spring-boot-starter-amqp\2.4.0\spring-boot-starter-amqp-2.4.0.jar;C:\Users\Soerano\.m2\repository\org\springframework\boot\spring-boot-starter\2.4.0\spring-boot-starter-2.4.0.jar;C:\Users\Soerano\.m2\repository\org\springframework\boot\spring-boot-starter-logging\2.4.0\spring-boot-starter-logging-2.4.0.jar;C:\Users\Soerano\.m2\repository\ch\qos\logback\logback-classic\1.2.3\logback-classic-1.2.3.jar;C:\Users\Soerano\.m2\repository\ch\qos\logback\logback-core\1.2.3\logback-core-1.2.3.jar;C:\Users\Soerano\.m2\repository\org\apache\logging\log4j\log4j-to-slf4j\2.13.3\log4j-to-slf4j-2.13.3.jar;C:\Users\Soerano\.m2\repository\org\apache\logging\log4j\log4j-api\2.13.3\log4j-api-2.13.3.jar;C:\Users\Soerano\.m2\repository\org\slf4j\jul-to-slf4j\1.7.30\jul-to-slf4j-1.7.30.jar;C:\Users\Soerano\.m2\repository\jakarta\annotation\jakarta.annotation-api\1.3.5\jakarta.annotation-api-1.3.5.jar;C:\Users\Soerano\.m2\repository\org\yaml\snakeyaml\1.27\snakeyaml-1.27.jar;C:\Users\Soerano\.m2\repository\org\springframework\spring-messaging\5.3.1\spring-messaging-5.3.1.jar;C:\Users\Soerano\.m2\repository\org\springframework\spring-beans\5.3.1\spring-beans-5.3.1.jar;C:\Users\Soerano\.m2\repository\org\springframework\amqp\spring-rabbit\2.3.1\spring-rabbit-2.3.1.jar;C:\Users\Soerano\.m2\repository\org\springframework\amqp\spring-amqp\2.3.1\spring-amqp-2.3.1.jar;C:\Users\Soerano\.m2\repository\org\springframework\retry\spring-retry\1.3.0\spring-retry-1.3.0.jar;C:\Users\Soerano\.m2\repository\javax\annotation\javax.annotation-api\1.3.2\javax.annotation-api-1.3.2.jar;C:\Users\Soerano\.m2\repository\com\rabbitmq\amqp-client\5.10.0\amqp-client-5.10.0.jar;C:\Users\Soerano\.m2\repository\org\springframework\spring-tx\5.3.1\spring-tx-5.3.1.jar;C:\Users\Soerano\.m2\repository\org\springframework\boot\spring-boot-starter-data-jpa\2.4.0\spring-boot-starter-data-jpa-2.4.0.jar;C:\Users\Soerano\.m2\repository\org\springframework\boot\spring-boot-starter-aop\2.4.0\spring-boot-starter-aop-2.4.0.jar;C:\Users\Soerano\.m2\repository\org\springframework\spring-aop\5.3.1\spring-aop-5.3.1.jar;C:\Users\Soerano\.m2\repository\org\aspectj\aspectjweaver\1.9.6\aspectjweaver-1.9.6.jar;C:\Users\Soerano\.m2\repository\org\springframework\boot\spring-boot-starter-jdbc\2.4.0\spring-boot-starter-jdbc-2.4.0.jar;C:\Users\Soerano\.m2\repository\com\zaxxer\HikariCP\3.4.5\HikariCP-3.4.5.jar;C:\Users\Soerano\.m2\repository\org\springframework\spring-jdbc\5.3.1\spring-jdbc-5.3.1.jar;C:\Users\Soerano\.m2\repository\jakarta\transaction\jakarta.transaction-api\1.3.3\jakarta.transaction-api-1.3.3.jar;C:\Users\Soerano\.m2\repository\jakarta\persistence\jakarta.persistence-api\2.2.3\jakarta.persistence-api-2.2.3.jar;C:\Users\Soerano\.m2\repository\org\hibernate\hibernate-core\5.4.23.Final\hibernate-core-5.4.23.Final.jar;C:\Users\Soerano\.m2\repository\org\jboss\logging\jboss-logging\3.4.1.Final\jboss-logging-3.4.1.Final.jar;C:\Users\Soerano\.m2\repository\org\javassist\javassist\3.24.0-GA\javassist-3.24.0-GA.jar;C:\Users\Soerano\.m2\repository\net\bytebuddy\byte-buddy\1.10.18\byte-buddy-1.10.18.jar;C:\Users\Soerano\.m2\repository\antlr\antlr\2.7.7\antlr-2.7.7.jar;C:\Users\Soerano\.m2\repository\org\jboss\jandex\2.1.3.Final\jandex-2.1.3.Final.jar;C:\Users\Soerano\.m2\repository\com\fasterxml\classmate\1.5.1\classmate-1.5.1.jar;C:\Users\Soerano\.m2\repository\org\dom4j\dom4j\2.1.3\dom4j-2.1.3.jar;C:\Users\Soerano\.m2\repository\org\hibernate\common\hibernate-commons-annotations\5.1.2.Final\hibernate-commons-annotations-5.1.2.Final.jar;C:\Users\Soerano\.m2\repository\org\glassfish\jaxb\jaxb-runtime\2.3.3\jaxb-runtime-2.3.3.jar;C:\Users\Soerano\.m2\repository\org\glassfish\jaxb\txw2\2.3.3\txw2-2.3.3.jar;C:\Users\Soerano\.m2\repository\com\sun\istack\istack-commons-runtime\3.0.11\istack-commons-runtime-3.0.11.jar;C:\Users\Soerano\.m2\repository\com\sun\activation\jakarta.activation\1.2.2\jakarta.activation-1.2.2.jar;C:\Users\Soerano\.m2\repository\org\springframework\data\spring-data-jpa\2.4.1\spring-data-jpa-2.4.1.jar;C:\Users\Soerano\.m2\repository\org\springframework\data\spring-data-commons\2.4.1\spring-data-commons-2.4.1.jar;C:\Users\Soerano\.m2\repository\org\springframework\spring-orm\5.3.1\spring-orm-5.3.1.jar;C:\Users\Soerano\.m2\repository\org\slf4j\slf4j-api\1.7.30\slf4j-api-1.7.30.jar;C:\Users\Soerano\.m2\repository\org\springframework\spring-aspects\5.3.1\spring-aspects-5.3.1.jar;C:\Users\Soerano\.m2\repository\org\springframework\boot\spring-boot-starter-web\2.4.0\spring-boot-starter-web-2.4.0.jar;C:\Users\Soerano\.m2\repository\org\springframework\boot\spring-boot-starter-json\2.4.0\spring-boot-starter-json-2.4.0.jar;C:\Users\Soerano\.m2\repository\com\fasterxml\jackson\core\jackson-databind\2.11.3\jackson-databind-2.11.3.jar;C:\Users\Soerano\.m2\repository\com\fasterxml\jackson\core\jackson-annotations\2.11.3\jackson-annotations-2.11.3.jar;C:\Users\Soerano\.m2\repository\com\fasterxml\jackson\core\jackson-core\2.11.3\jackson-core-2.11.3.jar;C:\Users\Soerano\.m2\repository\com\fasterxml\jackson\datatype\jackson-datatype-jdk8\2.11.3\jackson-datatype-jdk8-2.11.3.jar;C:\Users\Soerano\.m2\repository\com\fasterxml\jackson\datatype\jackson-datatype-jsr310\2.11.3\jackson-datatype-jsr310-2.11.3.jar;C:\Users\Soerano\.m2\repository\com\fasterxml\jackson\module\jackson-module-parameter-names\2.11.3\jackson-module-parameter-names-2.11.3.jar;C:\Users\Soerano\.m2\repository\org\springframework\boot\spring-boot-starter-tomcat\2.4.0\spring-boot-starter-tomcat-2.4.0.jar;C:\Users\Soerano\.m2\repository\org\apache\tomcat\embed\tomcat-embed-core\9.0.39\tomcat-embed-core-9.0.39.jar;C:\Users\Soerano\.m2\repository\org\glassfish\jakarta.el\3.0.3\jakarta.el-3.0.3.jar;C:\Users\Soerano\.m2\repository\org\apache\tomcat\embed\tomcat-embed-websocket\9.0.39\tomcat-embed-websocket-9.0.39.jar;C:\Users\Soerano\.m2\repository\org\springframework\spring-web\5.3.1\spring-web-5.3.1.jar;C:\Users\Soerano\.m2\repository\org\springframework\spring-webmvc\5.3.1\spring-webmvc-5.3.1.jar;C:\Users\Soerano\.m2\repository\org\springframework\spring-expression\5.3.1\spring-expression-5.3.1.jar;C:\Users\Soerano\.m2\repository\org\springframework\boot\spring-boot-starter-test\2.4.0\spring-boot-starter-test-2.4.0.jar;C:\Users\Soerano\.m2\repository\org\springframework\boot\spring-boot-test\2.4.0\spring-boot-test-2.4.0.jar;C:\Users\Soerano\.m2\repository\org\springframework\boot\spring-boot-test-autoconfigure\2.4.0\spring-boot-test-autoconfigure-2.4.0.jar;C:\Users\Soerano\.m2\repository\com\jayway\jsonpath\json-path\2.4.0\json-path-2.4.0.jar;C:\Users\Soerano\.m2\repository\net\minidev\json-smart\2.3\json-smart-2.3.jar;C:\Users\Soerano\.m2\repository\net\minidev\accessors-smart\1.2\accessors-smart-1.2.jar;C:\Users\Soerano\.m2\repository\jakarta\xml\bind\jakarta.xml.bind-api\2.3.3\jakarta.xml.bind-api-2.3.3.jar;C:\Users\Soerano\.m2\repository\jakarta\activation\jakarta.activation-api\1.2.2\jakarta.activation-api-1.2.2.jar;C:\Users\Soerano\.m2\repository\org\assertj\assertj-core\3.18.1\assertj-core-3.18.1.jar;C:\Users\Soerano\.m2\repository\org\hamcrest\hamcrest\2.2\hamcrest-2.2.jar;C:\Users\Soerano\.m2\repository\org\junit\jupiter\junit-jupiter\5.7.0\junit-jupiter-5.7.0.jar;C:\Users\Soerano\.m2\repository\org\junit\jupiter\junit-jupiter-api\5.7.0\junit-jupiter-api-5.7.0.jar;C:\Users\Soerano\.m2\repository\org\apiguardian\apiguardian-api\1.1.0\apiguardian-api-1.1.0.jar;C:\Users\Soerano\.m2\repository\org\opentest4j\opentest4j\1.2.0\opentest4j-1.2.0.jar;C:\Users\Soerano\.m2\repository\org\junit\platform\junit-platform-commons\1.7.0\junit-platform-commons-1.7.0.jar;C:\Users\Soerano\.m2\repository\org\junit\jupiter\junit-jupiter-params\5.7.0\junit-jupiter-params-5.7.0.jar;C:\Users\Soerano\.m2\repository\org\junit\jupiter\junit-jupiter-engine\5.7.0\junit-jupiter-engine-5.7.0.jar;C:\Users\Soerano\.m2\repository\org\junit\platform\junit-platform-engine\1.7.0\junit-platform-engine-1.7.0.jar;C:\Users\Soerano\.m2\repository\org\mockito\mockito-core\3.6.0\mockito-core-3.6.0.jar;C:\Users\Soerano\.m2\repository\net\bytebuddy\byte-buddy-agent\1.10.18\byte-buddy-agent-1.10.18.jar;C:\Users\Soerano\.m2\repository\org\objenesis\objenesis\3.1\objenesis-3.1.jar;C:\Users\Soerano\.m2\repository\org\mockito\mockito-junit-jupiter\3.6.0\mockito-junit-jupiter-3.6.0.jar;C:\Users\Soerano\.m2\repository\org\skyscreamer\jsonassert\1.5.0\jsonassert-1.5.0.jar;C:\Users\Soerano\.m2\repository\com\vaadin\external\google\android-json\0.0.20131108.vaadin1\android-json-0.0.20131108.vaadin1.jar;C:\Users\Soerano\.m2\repository\org\springframework\spring-core\5.3.1\spring-core-5.3.1.jar;C:\Users\Soerano\.m2\repository\org\springframework\spring-jcl\5.3.1\spring-jcl-5.3.1.jar;C:\Users\Soerano\.m2\repository\org\springframework\spring-test\5.3.1\spring-test-5.3.1.jar;C:\Users\Soerano\.m2\repository\org\xmlunit\xmlunit-core\2.7.0\xmlunit-core-2.7.0.jar;C:\Users\Soerano\.m2\repository\org\postgresql\postgresql\42.2.18\postgresql-42.2.18.jar;C:\Users\Soerano\.m2\repository\org\checkerframework\checker-qual\3.5.0\checker-qual-3.5.0.jar;C:\Users\Soerano\.m2\repository\junit\junit\4.13.1\junit-4.13.1.jar;C:\Users\Soerano\.m2\repository\org\hamcrest\hamcrest-core\2.2\hamcrest-core-2.2.jar;C:\Users\Soerano\.m2\repository\org\jetbrains\annotations\19.0.0\annotations-19.0.0.jar;C:\Users\Soerano\.m2\repository\org\jacoco\jacoco-maven-plugin\0.8.6\jacoco-maven-plugin-0.8.6.jar;C:\Users\Soerano\.m2\repository\org\apache\maven\maven-plugin-api\3.0\maven-plugin-api-3.0.jar;C:\Users\Soerano\.m2\repository\org\apache\maven\maven-model\3.0\maven-model-3.0.jar;C:\Users\Soerano\.m2\repository\org\apache\maven\maven-artifact\3.0\maven-artifact-3.0.jar;C:\Users\Soerano\.m2\repository\org\sonatype\sisu\sisu-inject-plexus\1.4.2\sisu-inject-plexus-1.4.2.jar;C:\Users\Soerano\.m2\repository\org\sonatype\sisu\sisu-inject-bean\1.4.2\sisu-inject-bean-1.4.2.jar;C:\Users\Soerano\.m2\repository\org\sonatype\sisu\sisu-guice\2.1.7\sisu-guice-2.1.7-noaop.jar;C:\Users\Soerano\.m2\repository\org\apache\maven\maven-core\3.0\maven-core-3.0.jar;C:\Users\Soerano\.m2\repository\org\apache\maven\maven-settings\3.0\maven-settings-3.0.jar;C:\Users\Soerano\.m2\repository\org\apache\maven\maven-settings-builder\3.0\maven-settings-builder-3.0.jar;C:\Users\Soerano\.m2\repository\org\apache\maven\maven-repository-metadata\3.0\maven-repository-metadata-3.0.jar;C:\Users\Soerano\.m2\repository\org\apache\maven\maven-model-builder\3.0\maven-model-builder-3.0.jar;C:\Users\Soerano\.m2\repository\org\apache\maven\maven-aether-provider\3.0\maven-aether-provider-3.0.jar;C:\Users\Soerano\.m2\repository\org\sonatype\aether\aether-impl\1.7\aether-impl-1.7.jar;C:\Users\Soerano\.m2\repository\org\sonatype\aether\aether-spi\1.7\aether-spi-1.7.jar;C:\Users\Soerano\.m2\repository\org\sonatype\aether\aether-api\1.7\aether-api-1.7.jar;C:\Users\Soerano\.m2\repository\org\sonatype\aether\aether-util\1.7\aether-util-1.7.jar;C:\Users\Soerano\.m2\repository\org\codehaus\plexus\plexus-interpolation\1.14\plexus-interpolation-1.14.jar;C:\Users\Soerano\.m2\repository\org\codehaus\plexus\plexus-classworlds\2.2.3\plexus-classworlds-2.2.3.jar;C:\Users\Soerano\.m2\repository\org\codehaus\plexus\plexus-component-annotations\1.5.5\plexus-component-annotations-1.5.5.jar;C:\Users\Soerano\.m2\repository\org\sonatype\plexus\plexus-sec-dispatcher\1.3\plexus-sec-dispatcher-1.3.jar;C:\Users\Soerano\.m2\repository\org\sonatype\plexus\plexus-cipher\1.4\plexus-cipher-1.4.jar;C:\Users\Soerano\.m2\repository\org\codehaus\plexus\plexus-utils\3.0.22\plexus-utils-3.0.22.jar;C:\Users\Soerano\.m2\repository\org\apache\maven\shared\file-management\1.2.1\file-management-1.2.1.jar;C:\Users\Soerano\.m2\repository\org\apache\maven\shared\maven-shared-io\1.1\maven-shared-io-1.1.jar;C:\Users\Soerano\.m2\repository\org\apache\maven\maven-artifact-manager\2.0.2\maven-artifact-manager-2.0.2.jar;C:\Users\Soerano\.m2\repository\org\apache\maven\wagon\wagon-provider-api\1.0-alpha-6\wagon-provider-api-1.0-alpha-6.jar;C:\Users\Soerano\.m2\repository\org\codehaus\plexus\plexus-container-default\1.0-alpha-9\plexus-container-default-1.0-alpha-9.jar;C:\Users\Soerano\.m2\repository\classworlds\classworlds\1.1-alpha-2\classworlds-1.1-alpha-2.jar;C:\Users\Soerano\.m2\repository\org\apache\maven\reporting\maven-reporting-api\3.0\maven-reporting-api-3.0.jar;C:\Users\Soerano\.m2\repository\org\apache\maven\doxia\doxia-sink-api\1.0\doxia-sink-api-1.0.jar;C:\Users\Soerano\.m2\repository\org\apache\maven\reporting\maven-reporting-impl\2.1\maven-reporting-impl-2.1.jar;C:\Users\Soerano\.m2\repository\org\apache\maven\maven-project\2.0.10\maven-project-2.0.10.jar;C:\Users\Soerano\.m2\repository\org\apache\maven\maven-profile\2.0.10\maven-profile-2.0.10.jar;C:\Users\Soerano\.m2\repository\org\apache\maven\maven-plugin-registry\2.0.10\maven-plugin-registry-2.0.10.jar;C:\Users\Soerano\.m2\repository\org\apache\maven\doxia\doxia-core\1.1.2\doxia-core-1.1.2.jar;C:\Users\Soerano\.m2\repository\org\apache\maven\doxia\doxia-logging-api\1.1.2\doxia-logging-api-1.1.2.jar;C:\Users\Soerano\.m2\repository\xerces\xercesImpl\2.8.1\xercesImpl-2.8.1.jar;C:\Users\Soerano\.m2\repository\commons-lang\commons-lang\2.4\commons-lang-2.4.jar;C:\Users\Soerano\.m2\repository\commons-httpclient\commons-httpclient\3.1\commons-httpclient-3.1.jar;C:\Users\Soerano\.m2\repository\commons-codec\commons-codec\1.15\commons-codec-1.15.jar;C:\Users\Soerano\.m2\repository\org\apache\maven\doxia\doxia-site-renderer\1.1.2\doxia-site-renderer-1.1.2.jar;C:\Users\Soerano\.m2\repository\org\apache\maven\doxia\doxia-decoration-model\1.1.2\doxia-decoration-model-1.1.2.jar;C:\Users\Soerano\.m2\repository\org\apache\maven\doxia\doxia-module-xhtml\1.1.2\doxia-module-xhtml-1.1.2.jar;C:\Users\Soerano\.m2\repository\org\apache\maven\doxia\doxia-module-fml\1.1.2\doxia-module-fml-1.1.2.jar;C:\Users\Soerano\.m2\repository\org\codehaus\plexus\plexus-i18n\1.0-beta-7\plexus-i18n-1.0-beta-7.jar;C:\Users\Soerano\.m2\repository\org\codehaus\plexus\plexus-velocity\1.1.7\plexus-velocity-1.1.7.jar;C:\Users\Soerano\.m2\repository\org\apache\velocity\velocity\1.5\velocity-1.5.jar;C:\Users\Soerano\.m2\repository\commons-collections\commons-collections\3.2\commons-collections-3.2.jar;C:\Users\Soerano\.m2\repository\commons-validator\commons-validator\1.2.0\commons-validator-1.2.0.jar;C:\Users\Soerano\.m2\repository\commons-beanutils\commons-beanutils\1.7.0\commons-beanutils-1.7.0.jar;C:\Users\Soerano\.m2\repository\commons-digester\commons-digester\1.6\commons-digester-1.6.jar;C:\Users\Soerano\.m2\repository\commons-logging\commons-logging\1.0.4\commons-logging-1.0.4.jar;C:\Users\Soerano\.m2\repository\oro\oro\2.0.8\oro-2.0.8.jar;C:\Users\Soerano\.m2\repository\xml-apis\xml-apis\1.0.b2\xml-apis-1.0.b2.jar;C:\Users\Soerano\.m2\repository\org\jacoco\org.jacoco.agent\0.8.6\org.jacoco.agent-0.8.6-runtime.jar;C:\Users\Soerano\.m2\repository\org\jacoco\org.jacoco.core\0.8.6\org.jacoco.core-0.8.6.jar;C:\Users\Soerano\.m2\repository\org\ow2\asm\asm\8.0.1\asm-8.0.1.jar;C:\Users\Soerano\.m2\repository\org\ow2\asm\asm-commons\8.0.1\asm-commons-8.0.1.jar;C:\Users\Soerano\.m2\repository\org\ow2\asm\asm-analysis\8.0.1\asm-analysis-8.0.1.jar;C:\Users\Soerano\.m2\repository\org\ow2\asm\asm-tree\8.0.1\asm-tree-8.0.1.jar;C:\Users\Soerano\.m2\repository\org\jacoco\org.jacoco.report\0.8.6\org.jacoco.report-0.8.6.jar;C:\Users\Soerano\.m2\repository\org\pitest\pitest-junit5-plugin\0.12\pitest-junit5-plugin-0.12.jar;"/>
    <property name="sun.cpu.endian" value="little"/>
    <property name="user.home" value="C:\Users\Soerano"/>
    <property name="user.language" value="en"/>
    <property name="java.specification.vendor" value="Oracle Corporation"/>
    <property name="java.version.date" value="2020-01-14"/>
    <property name="java.home" value="C:\Program Files\Java\jdk-13.0.2"/>
    <property name="file.separator" value="\"/>
    <property name="basedir" value="C:\Users\Soerano\Documents\GitHub\Back-End_Programming\lingo"/>
    <property name="java.vm.compressedOopsMode" value="Zero based"/>
    <property name="line.separator" value="&#10;"/>
    <property name="java.vm.specification.vendor" value="Oracle Corporation"/>
    <property name="java.specification.name" value="Java Platform API Specification"/>
    <property name="surefire.real.class.path" value="C:\Users\Soerano\AppData\Local\Temp\surefire3576004606902508846\surefirebooter16459295976435395658.jar"/>
    <property name="user.script" value=""/>
    <property name="sun.management.compiler" value="HotSpot 64-Bit Tiered Compilers"/>
    <property name="java.runtime.version" value="13.0.2+8"/>
    <property name="user.name" value="Soerano"/>
    <property name="path.separator" value=";"/>
    <property name="os.version" value="10.0"/>
    <property name="java.runtime.name" value="Java(TM) SE Runtime Environment"/>
    <property name="file.encoding" value="UTF-8"/>
    <property name="java.vm.name" value="Java HotSpot(TM) 64-Bit Server VM"/>
    <property name="localRepository" value="C:\Users\Soerano\.m2\repository"/>
    <property name="java.vendor.url.bug" value="https://bugreport.java.com/bugreport/"/>
    <property name="java.io.tmpdir" value="C:\Users\Soerano\AppData\Local\Temp\"/>
    <property name="idea.version" value="2020.3"/>
    <property name="java.version" value="13.0.2"/>
    <property name="user.dir" value="C:\Users\Soerano\Documents\GitHub\Back-End_Programming\lingo"/>
    <property name="os.arch" value="amd64"/>
    <property name="java.vm.specification.name" value="Java Virtual Machine Specification"/>
    <property name="sun.os.patch.level" value=""/>
    <property name="java.library.path" value="C:\Program Files\Java\jdk-13.0.2\bin;C:\WINDOWS\Sun\Java\bin;C:\WINDOWS\system32;C:\WINDOWS;C:\Program Files\Common Files\Oracle\Java\javapath;C:\Program Files (x86)\Common Files\Intel\Shared Files\cpp\bin\Intel64;C:\Program Files (x86)\Common Files\Intel\Shared Libraries\redist\ia32\compiler;C:\Program Files (x86)\Common Files\Intel\Shared Libraries\redist\intel64\compiler;C:\Windows\system32;C:\Windows;C:\Windows\System32\Wbem;C:\Windows\System32\WindowsPowerShell\v1.0\;C:\Windows\System32\OpenSSH\;C:\Program Files (x86)\Intel\Intel(R) Management Engine Components\DAL;C:\Program Files\Intel\Intel(R) Management Engine Components\DAL;C:\Program Files\NVIDIA Corporation\NVIDIA NvDLISR;C:\Android;C:\Program Files (x86)\NVIDIA Corporation\PhysX\Common;C:\Program Files\Microsoft SQL Server\130\Tools\Binn\;C:\Program Files\Microsoft SQL Server\Client SDK\ODBC\170\Tools\Binn\;C:\Program Files\nodejs\;C:\Program Files\dotnet\;C:\WINDOWS\system32;C:\WINDOWS;C:\WINDOWS\System32\Wbem;C:\WINDOWS\System32\WindowsPowerShell\v1.0\;C:\WINDOWS\System32\OpenSSH\;C:\Program Files (x86)\QuickTime\QTSystem\;C:\Program Files\Docker\Docker\resources\bin;C:\ProgramData\DockerDesktop\version-bin;C:\Program Files\Git\cmd;C:\Users\Soerano\AppData\Local\Microsoft\WindowsApps;C:\Program Files\Java\jdk-11.0.2\bin;C:\Users\Soerano\AppData\Local\Programs\Microsoft VS Code\bin;C:\Users\Soerano\AppData\Local\GitHubDesktop\bin;C:\Users\Soerano\AppData\Roaming\npm;%USERPROFILE%\AppData\Local\Microsoft\WindowsApps;;."/>
    <property name="java.vm.info" value="mixed mode, sharing"/>
    <property name="java.vendor" value="Oracle Corporation"/>
    <property name="java.vm.version" value="13.0.2+8"/>
    <property name="sun.io.unicode.encoding" value="UnicodeLittle"/>
    <property name="java.class.version" value="57.0"/>
  </properties>
  <testcase name="wordLengthCheckTest{String, int, boolean}[1]" classname="nl.hu.vkbep.lingo.word.application.WordServiceTest" time="0"/>
  <testcase name="wordLengthCheckTest{String, int, boolean}[2]" classname="nl.hu.vkbep.lingo.word.application.WordServiceTest" time="0"/>
  <testcase name="wordLengthCheckTest{String, int, boolean}[3]" classname="nl.hu.vkbep.lingo.word.application.WordServiceTest" time="0"/>
  <testcase name="wordLengthCheckTest{String, int, boolean}[4]" classname="nl.hu.vkbep.lingo.word.application.WordServiceTest" time="0.001"/>
  <testcase name="wordLengthCheckTest{String, int, boolean}[5]" classname="nl.hu.vkbep.lingo.word.application.WordServiceTest" time="0"/>
  <testcase name="getLengthByGameType{GameType, int, boolean}[1]" classname="nl.hu.vkbep.lingo.word.application.WordServiceTest" time="0.001"/>
  <testcase name="getLengthByGameType{GameType, int, boolean}[2]" classname="nl.hu.vkbep.lingo.word.application.WordServiceTest" time="0"/>
  <testcase name="getLengthByGameType{GameType, int, boolean}[3]" classname="nl.hu.vkbep.lingo.word.application.WordServiceTest" time="0"/>
  <testcase name="getLengthByGameType{GameType, int, boolean}[4]" classname="nl.hu.vkbep.lingo.word.application.WordServiceTest" time="0"/>
  <testcase name="getLengthByGameType{GameType, int, boolean}[5]" classname="nl.hu.vkbep.lingo.word.application.WordServiceTest" time="0"/>
  <testcase name="getLengthByGameType{GameType, int, boolean}[6]" classname="nl.hu.vkbep.lingo.word.application.WordServiceTest" time="0"/>
  <testcase name="getLengthByGameType{GameType, int, boolean}[7]" classname="nl.hu.vkbep.lingo.word.application.WordServiceTest" time="0"/>
  <testcase name="getLengthByGameType{GameType, int, boolean}[8]" classname="nl.hu.vkbep.lingo.word.application.WordServiceTest" time="0"/>
  <testcase name="getLengthByGameType{GameType, int, boolean}[9]" classname="nl.hu.vkbep.lingo.word.application.WordServiceTest" time="0.001"/>
  <testcase name="letterCheck{String, String, List}[1]" classname="nl.hu.vkbep.lingo.word.application.WordServiceTest" time="0.023"/>
  <testcase name="letterCheck{String, String, List}[2]" classname="nl.hu.vkbep.lingo.word.application.WordServiceTest" time="0.001"/>
  <testcase name="letterCheck{String, String, List}[3]" classname="nl.hu.vkbep.lingo.word.application.WordServiceTest" time="0.001"/>
  <testcase name="letterCheck{String, String, List}[4]" classname="nl.hu.vkbep.lingo.word.application.WordServiceTest" time="0"/>
  <testcase name="wordCheckTest{String, String, boolean}[1]" classname="nl.hu.vkbep.lingo.word.application.WordServiceTest" time="0"/>
  <testcase name="wordCheckTest{String, String, boolean}[2]" classname="nl.hu.vkbep.lingo.word.application.WordServiceTest" time="0"/>
  <testcase name="wordCheckTest{String, String, boolean}[3]" classname="nl.hu.vkbep.lingo.word.application.WordServiceTest" time="0"/>
  <testcase name="wordCheckTest{String, String, boolean}[4]" classname="nl.hu.vkbep.lingo.word.application.WordServiceTest" time="0.001"/>
  <testcase name="wordCheckTest{String, String, boolean}[5]" classname="nl.hu.vkbep.lingo.word.application.WordServiceTest" time="0.001"/>
</testsuite>